<?xml version="1.0" encoding="UTF-8"?>
<!-- Generated by org.testng.reporters.JUnitXMLReporter -->
<testsuite ignored="11" hostname="LAPTOP-UOVRPH9R" failures="0" tests="1" name="Test" time="12.692" errors="0" timestamp="2025-08-07T20:06:47 GMT-04:00">
  <testcase classname="Test.set1.LeadsTest" name="TC_20" time="10.161"/>
  <testcase classname="Test.set1.OpptTests" name="tc17_" time="0.0">
    <ignored/>
  </testcase> <!-- tc17_ -->
  <testcase classname="Test.set1.LeadsTest" name="TC_23" time="0.0">
    <ignored/>
  </testcase> <!-- TC_23 -->
  <testcase classname="Test.set1.OpptTests" name="tc19_" time="0.0">
    <ignored/>
  </testcase> <!-- tc19_ -->
  <testcase classname="Test.set1.LeadsTest" name="TC_21" time="0.0">
    <ignored/>
  </testcase> <!-- TC_21 -->
  <testcase classname="Test.set1.OpptTests" name="tc16_" time="0.0">
    <ignored/>
  </testcase> <!-- tc16_ -->
  <testcase classname="Test.set1.OpptTests" name="tc18_" time="0.0">
    <ignored/>
  </testcase> <!-- tc18_ -->
  <testcase classname="Test.set1.BaseTest" name="@AfterTest tearDownTest" time="0.0">
    <ignored/>
  </testcase> <!-- @AfterTest tearDownTest -->
  <testcase classname="Test.set1.LeadsTest" name="TC_24" time="0.0">
    <ignored/>
  </testcase> <!-- TC_24 -->
  <testcase classname="Test.set1.BaseTest" name="@BeforeTest setUpTest" time="0.0">
    <ignored/>
  </testcase> <!-- @BeforeTest setUpTest -->
  <testcase classname="Test.set1.LeadsTest" name="TC_22" time="0.0">
    <ignored/>
  </testcase> <!-- TC_22 -->
  <testcase classname="Test.set1.OpptTests" name="tc15_" time="0.0">
    <ignored/>
  </testcase> <!-- tc15_ -->
</testsuite> <!-- Test -->
